<?xml version="1.0" encoding="UTF-8"?>
<!-- Generated by org.testng.reporters.JUnitXMLReporter -->
<testsuite ignored="0" hostname="LAPTOP-DL11RDDI" failures="0" tests="3" name="Test1" time="29.108" errors="0" timestamp="2020-08-31T17:07:39 BST">
  <testcase classname="com.gripeventtask.testCases.BasePageTest" name="verifyLogoIsPresent" time="0.104"/>
  <testcase classname="com.gripeventtask.testCases.BasePageTest" name="verifyTitle" time="0.077"/>
  <testcase classname="com.gripeventtask.testCases.FlightSearchPageTest" name="cannotProceedSearchWithInsufficientInformation" time="15.357"/>
</testsuite> <!-- Test1 -->
